ACIS  392132.6N 161336.7E  277 
CARF  392032.7N 170044.9E   75 
CARP  390852.3N 161848.0E  685 
CET2  393143.5N 155716.6E  675 
CHC2  384054.2N 162438.2E  583 
CHCE  384102.3N 162451.1E  550 
CIRK  392318.4N 170341.0E  300
CMPN  392427.5N 164949.1E  535 
CNDF  380011.7N 155125.7E  357 
CNNA  390058.9N 170952.0E  130 
CO22  392933.3N 161818.2E  430 
CSC2  391710.7N 161528.1E  361 
CUP2  392300.3N 163253.5E 1241 
CUTR  390118.6N 170425.3E  170 
FALC  391619.5N 160446.4E  560
FERC  382709.8N 160741.1E  460 
GERV  391744.8N 161351.4E  310 
GIMI  385822.0N 163217.8E  590 
K2TS  391632.4N 161434.5E  470 
LADO  391702.3N 165846.2E  488 
LATT  392630.6N 161347.3E  200
LC22  395611.0N 155840.4E  550 
MANE  391206.5N 162015.0E  825 
MC32  392038.3N 162536.8E 1380
MCDA  390117.8N 165025.0E  305 
MMN1  395312.9N 155920.8E  957 
MMN2  395320.1N 155906.1E  760 
MMN3  395333.8N 155926.1E  820 
MMN   395327.0N 155926.2E  878 
MMN4  395403.2N 155931.9E  768 
MMN5  395322.0N 155941.2E  888 
MMN6  395358.3N 155903.0E  713 
MMN7  395455.4N 160000.6E  766 
MMN8  395611.8N 155836.4E  545 
MMN9  395330.7N 160301.1E 1088 
MMNB  395309.0N 160914.9E  866 
MNGA  383102.8N 161920.1E  970 
OPPI  381603.1N 160036.2E  770 
PNTN  385821.2N 163455.4E  860 
ROG2  391042.9N 161934.1E  681 
ROI   393418.4N 163409.2E  605 
SCAI  383203.4N 163103.8E  450 
SCOI  391721.4N 161523.2E  260 
SIMB  383624.2N 161917.6E  810
SMIN  385822.7N 161341.7E  599
SPDC  383134.7N 160755.8E  300 
SPNT  390924.7N 163135.6E 1280 
SPS2  391738.7N 162016.3E  704
TRT1  395502.2N 154603.3E    8
TRT2  395523.9N 154544.3E    6 
UC01  384638.1N 161612.5E  327 
VBL2  384014.6N 160629.6E  530 
ALB1  390125.6N 163550.5E  748
ACER  404712.1N 155633.7E  690
AMUR  405425.6N 163614.8E  443
ATN   380934.1N 152753.0E 1130 
BULG  400441.9N 152239.4E  815
CAFE  410140.8N 151411.8E 1070 
CAR1  391512.2N 161241.0E  680 
CDRU  402922.6N 151816.6E 1057 
CEL   381537.1N 155338.0E  702 
CELI  392409.7N 163031.7E 1290 
CMPR  401905.2N 151810.8E  732
COL3  404113.6N 151949.4E 1026 
CRAC  402154.0N 162606.0E  384
CSA0  395026.2N 155541.2E  803
CSB   394855.1N 161003.7E  561
CSC   400029.9N 155834.3E  658 
CUC   395937.7N 154855.8E  637 
GIO   373400.0N 150630.0E  200
GIZZ  385847.4N 161228.0E  713 
GMB   381005.1N 154944.0E 1300 
GRI   384919.7N 162512.1E  510 
GRIS  394425.8N 155111.2E  551
IACL  383158.8N 142118.0E  145
IFIL  383351.1N 143431.1E  277 
ILLI  382644.5N 145653.9E  283 
IST3  384757.1N 151349.4E  255 
ISTR  384711.8N 151130.5E  103 
IVPL  382234.7N 145848.4E  486  
JOPP  383624.5N 155308.2E  500 
LTRZ  403611.7N 164908.8E  381 
MATE  403856.7N 164215.9E  494 
MCEL  401929.6N 154806.8E  960 
MCPD  380711.6N 144351.6E  199
MCRV  404657.4N 151006.2E 1191
MCSR  380352.6N 151348.4E 1064 
MGR   400815.4N 153312.7E  288 
MIGL  403615.8N 162627.6E  440 
MILZ  381616.7N 151352.7E    0 
MPAZ  375711.2N 160024.1E  496 
MPNC  380847.4N 152110.1E  479
MRB1  410721.7N 145805.3E  688
MRLC  404523.0N 152920.1E  605
MRVN  410339.2N 161144.9E  610 
MSCL  381355.2N 154724.0E  893 
MSRU  381550.0N 153029.9E  408 
MTSN  401558.7N 154505.4E 1056 
MTTG  380011.2N 154159.7E  484
NOV   380140.1N 150812.1E  775
ORI   400303.5N 162701.5E  375
PALZ  405638.8N 155736.7E  450
PAOL  410152.3N 143403.0E  715 
PIPA  392906.5N 164856.9E  479 
PLAC  382657.8N 162617.9E  602
PTRP  403117.3N 160340.5E 1077 
PZUN  403844.9N 154825.2E  820 
SALB  395237.9N 162045.2E 1200
SCHR  401157.3N 160433.2E  968 
SDT2  394913.8N 155106.8E  248 
SERS  390209.2N 164119.0E 1221
SGTA  410802.8N 152154.0E  890 
SIRI  401055.6N 155203.0E 1063 
SLCN  402324.0N 153758.0E  986
SNAL  405531.5N 151232.7E  874 
SOI   380423.6N 160315.3E  305 
T0701 395910.3N 160658.0E  882 
T0702 394315.2N 160500.6E  883 
T0711 395608.5N 160342.5E  751 
T0712 394918.5N 155106.4E  342 
T0713 400030.7N 155833.5E  667 
T0714 395659.7N 155805.1E  303 
T0715 395330.7N 160301.1E 1044 
T0716 395655.3N 160120.6E  560 
T0721 395612.9N 155837.0E  535 
T0722 395526.4N 160338.9E  831 
T0723 395337.0N 160511.3E 1484 
T0724 395055.5N 155235.3E  357 
T0725 395042.9N 161539.3E  667 
TDS   393936.4N 162015.4E  244 
TIP   391045.8N 164529.9E  789
VULT  405717.6N 153658.7E 1101
ACI   392131.7N 161336.1E  260 
ACII  392131.7N 161336.1E  260 
AIEL  390660.0N 160929.3E  355 
ALDC  395732.7N 162252.8E 1041 
ALTO  394057.9N 160748.5E  408 
BARC  393058.9N 163046.0E 1015 
CAMP  392428.0N 164949.3E  561 
CAVE  402656.6N 150311.3E  221 
CIVI  394941.7N 161854.0E  430 
CO2   392933.3N 161818.2E  430 
CRAC  402253.2N 162605.4E  323 
CRB   410444.4N 161619.8E  490 
GALL  401808.5N 160811.6E  847 
GERM  391913.0N 164002.6E 1272 
GROM  410421.9N 150333.6E  447 
ILCA  403703.2N 165237.8E  343 
MC2   392035.2N 162529.9E 1301 
MC22  392035.2N 162529.9E 1301 
MMNN  395327.1N 155925.5E  905 
MONT  405012.9N 150050.2E  780 
NARD  400926.7N 180059.8E  104 
PADU  402000.1N 154020.0E  765 
PARE  390925.1N 162707.9E 1315 
PIAG  402046.5N 152237.9E  703 
PIAN  385727.3N 162348.5E  426 
PICE  403744.7N 154006.6E  827 
POLA  403037.4N 152916.5E  570 
RCCL  401744.2N 150318.4E  688 
ROGL  391100.0N 161926.0E  704 
SACO  405036.0N 152214.4E  698 
SAVE  391842.5N 164702.8E  937 
SGIO  400227.9N 152726.6E  537 
SILV  391751.8N 163125.2E 1476 
SIMO  393054.6N 155640.2E  139 
SMOR  392929.9N 165234.9E 1281 
SOVE  390331.8N 162346.8E  833 
SRRN  401055.7N 182104.9E  144 
STEC  385633.3N 165532.6E   69 
SX17  404409.9N 155051.5E  821 
TRIC  403711.6N 160625.1E  720 
VENO  405752.0N 154924.2E  409 
ACATE 370126.4N 143002.2E  210
AIO   375816.3N 151358.8E  751
AND3  405547.3N 151959.2E  905
APRC  414526.6N 153235.2E  672
BIOG  411159.6N 150757.4E  623
CAPA  410929.9N 154900.8E  156
CGL1  403854.2N 173102.3E  303
CLT3  405410.8N 152415.5E  525
CLTA  370928.8N 135743.2E  246
CMDO  372750.0N 134922.4E  571
CMSN  405017.5N 141054.5E   20
CPTP  372427.0N 140945.0E  561
ENIC  373753.0N 150117.8E  877
EPIT  374840.7N 150324.1E 1657
GIB   375924.4N 140133.6E 1020
IVGP  382348.5N 145738.9E  150
LIO3  405348.8N 151049.4E  737
MARCO 401749.9N 154822.7E  890
MASS  403758.8N 170838.4E  274
MTMR  405506.2N 150009.4E  850
OT03  414243.9N 153858.9E  655
OT04  414310.6N 153450.5E  279
OT06  414107.8N 153539.8E  584
OT07  413716.7N 154309.8E  154
OT11  413052.6N 152007.1E    0
OT12  413754.5N 155428.1E   30
OT14  415348.1N 155424.8E    0
OT15  410632.4N 165246.9E    0
PIGN  411200.0N 141047.6E  398
SICLA 381522.7N 154252.2E   10
SSB3  410442.6N 151345.1E  724
SSY   370927.7N 150425.3E  600
TAR1  403133.2N 171704.6E  140
VITU  411059.9N 143748.7E  848
